<?xml version="1.0" encoding="UTF-8"?>
<!-- Generated by org.testng.reporters.JUnitReportReporter -->
<testsuite hostname="DJs-MacBook-Pro" failures="9" tests="11" name="com.skillstorm.RunCucumberTest" time="141.595" errors="0" timestamp="2024-09-04T15:34:16 EDT" skipped="0">
  <testcase classname="com.skillstorm.RunCucumberTest" name="runScenario" time="12.756">
    <failure message="expected [Successfully added candy!] but found []" type="java.lang.AssertionError">
      <![CDATA[java.lang.AssertionError: expected [Successfully added candy!] but found []
at org.testng.Assert.fail(Assert.java:111)
at org.testng.Assert.failNotEquals(Assert.java:1578)
at org.testng.Assert.assertEqualsImpl(Assert.java:150)
at org.testng.Assert.assertEquals(Assert.java:132)
at org.testng.Assert.assertEquals(Assert.java:656)
at org.testng.Assert.assertEquals(Assert.java:666)
at com.skillstorm.cucumber.CandyStepDefinitions.iClickTheAddCandyButton(CandyStepDefinitions.java:54)
at ✽.I click the ADD CANDY button(classpath:com/skillstorm/candy.feature:18)
]]>
    </failure>
  </testcase> <!-- runScenario -->
  <testcase classname="com.skillstorm.RunCucumberTest" name="runScenario" time="12.654">
    <failure message="expected [Successfully added candy!] but found [Price cannot contain letters]" type="java.lang.AssertionError">
      <![CDATA[java.lang.AssertionError: expected [Successfully added candy!] but found [Price cannot contain letters]
at org.testng.Assert.fail(Assert.java:111)
at org.testng.Assert.failNotEquals(Assert.java:1578)
at org.testng.Assert.assertEqualsImpl(Assert.java:150)
at org.testng.Assert.assertEquals(Assert.java:132)
at org.testng.Assert.assertEquals(Assert.java:656)
at org.testng.Assert.assertEquals(Assert.java:666)
at com.skillstorm.cucumber.CandyStepDefinitions.iClickTheAddCandyButton(CandyStepDefinitions.java:54)
at ✽.I click the ADD CANDY button(classpath:com/skillstorm/candy.feature:18)
]]>
    </failure>
  </testcase> <!-- runScenario -->
  <testcase classname="com.skillstorm.RunCucumberTest" name="runScenario" time="12.613">
    <failure message="expected [Successfully added candy!] but found []" type="java.lang.AssertionError">
      <![CDATA[java.lang.AssertionError: expected [Successfully added candy!] but found []
at org.testng.Assert.fail(Assert.java:111)
at org.testng.Assert.failNotEquals(Assert.java:1578)
at org.testng.Assert.assertEqualsImpl(Assert.java:150)
at org.testng.Assert.assertEquals(Assert.java:132)
at org.testng.Assert.assertEquals(Assert.java:656)
at org.testng.Assert.assertEquals(Assert.java:666)
at com.skillstorm.cucumber.CandyStepDefinitions.iClickTheAddCandyButton(CandyStepDefinitions.java:54)
at ✽.I click the ADD CANDY button(classpath:com/skillstorm/candy.feature:18)
]]>
    </failure>
  </testcase> <!-- runScenario -->
  <testcase classname="com.skillstorm.RunCucumberTest" name="runScenario" time="12.813">
    <failure message="expected [Successfully added candy!] but found []" type="java.lang.AssertionError">
      <![CDATA[java.lang.AssertionError: expected [Successfully added candy!] but found []
at org.testng.Assert.fail(Assert.java:111)
at org.testng.Assert.failNotEquals(Assert.java:1578)
at org.testng.Assert.assertEqualsImpl(Assert.java:150)
at org.testng.Assert.assertEquals(Assert.java:132)
at org.testng.Assert.assertEquals(Assert.java:656)
at org.testng.Assert.assertEquals(Assert.java:666)
at com.skillstorm.cucumber.CandyStepDefinitions.iClickTheAddCandyButton(CandyStepDefinitions.java:54)
at ✽.I click the ADD CANDY button(classpath:com/skillstorm/candy.feature:18)
]]>
    </failure>
  </testcase> <!-- runScenario -->
  <testcase classname="com.skillstorm.RunCucumberTest" name="runScenario" time="14.277"/>
  <testcase classname="com.skillstorm.RunCucumberTest" name="runScenario" time="12.714">
    <failure message="expected [Successfully added candy!] but found [Name is required]" type="java.lang.AssertionError">
      <![CDATA[java.lang.AssertionError: expected [Successfully added candy!] but found [Name is required]
at org.testng.Assert.fail(Assert.java:111)
at org.testng.Assert.failNotEquals(Assert.java:1578)
at org.testng.Assert.assertEqualsImpl(Assert.java:150)
at org.testng.Assert.assertEquals(Assert.java:132)
at org.testng.Assert.assertEquals(Assert.java:656)
at org.testng.Assert.assertEquals(Assert.java:666)
at com.skillstorm.cucumber.CandyStepDefinitions.iClickTheAddCandyButton(CandyStepDefinitions.java:54)
at ✽.I click the ADD CANDY button(classpath:com/skillstorm/candy.feature:18)
]]>
    </failure>
  </testcase> <!-- runScenario -->
  <testcase classname="com.skillstorm.RunCucumberTest" name="runScenario" time="12.716">
    <failure message="expected [Successfully added candy!] but found [Weight must be a positive number, and Weight cannot contain letters]" type="java.lang.AssertionError">
      <![CDATA[java.lang.AssertionError: expected [Successfully added candy!] but found [Weight must be a positive number, and Weight cannot contain letters]
at org.testng.Assert.fail(Assert.java:111)
at org.testng.Assert.failNotEquals(Assert.java:1578)
at org.testng.Assert.assertEqualsImpl(Assert.java:150)
at org.testng.Assert.assertEquals(Assert.java:132)
at org.testng.Assert.assertEquals(Assert.java:656)
at org.testng.Assert.assertEquals(Assert.java:666)
at com.skillstorm.cucumber.CandyStepDefinitions.iClickTheAddCandyButton(CandyStepDefinitions.java:54)
at ✽.I click the ADD CANDY button(classpath:com/skillstorm/candy.feature:18)
]]>
    </failure>
  </testcase> <!-- runScenario -->
  <testcase classname="com.skillstorm.RunCucumberTest" name="runScenario" time="11.698">
    <failure message="expected [Successfully added candy!] but found []" type="java.lang.AssertionError">
      <![CDATA[java.lang.AssertionError: expected [Successfully added candy!] but found []
at org.testng.Assert.fail(Assert.java:111)
at org.testng.Assert.failNotEquals(Assert.java:1578)
at org.testng.Assert.assertEqualsImpl(Assert.java:150)
at org.testng.Assert.assertEquals(Assert.java:132)
at org.testng.Assert.assertEquals(Assert.java:656)
at org.testng.Assert.assertEquals(Assert.java:666)
at com.skillstorm.cucumber.CandyStepDefinitions.iClickTheAddCandyButton(CandyStepDefinitions.java:54)
at ✽.I click the ADD CANDY button(classpath:com/skillstorm/candy.feature:18)
]]>
    </failure>
  </testcase> <!-- runScenario -->
  <testcase classname="com.skillstorm.RunCucumberTest" name="runScenario" time="12.674">
    <failure message="expected [Successfully added candy!] but found []" type="java.lang.AssertionError">
      <![CDATA[java.lang.AssertionError: expected [Successfully added candy!] but found []
at org.testng.Assert.fail(Assert.java:111)
at org.testng.Assert.failNotEquals(Assert.java:1578)
at org.testng.Assert.assertEqualsImpl(Assert.java:150)
at org.testng.Assert.assertEquals(Assert.java:132)
at org.testng.Assert.assertEquals(Assert.java:656)
at org.testng.Assert.assertEquals(Assert.java:666)
at com.skillstorm.cucumber.CandyStepDefinitions.iClickTheAddCandyButton(CandyStepDefinitions.java:54)
at ✽.I click the ADD CANDY button(classpath:com/skillstorm/candy.feature:18)
]]>
    </failure>
  </testcase> <!-- runScenario -->
  <testcase classname="com.skillstorm.RunCucumberTest" name="runScenario" time="13.871"/>
  <testcase classname="com.skillstorm.RunCucumberTest" name="runScenario" time="12.809">
    <failure message="expected [Successfully added candy!] but found []" type="java.lang.AssertionError">
      <![CDATA[java.lang.AssertionError: expected [Successfully added candy!] but found []
at org.testng.Assert.fail(Assert.java:111)
at org.testng.Assert.failNotEquals(Assert.java:1578)
at org.testng.Assert.assertEqualsImpl(Assert.java:150)
at org.testng.Assert.assertEquals(Assert.java:132)
at org.testng.Assert.assertEquals(Assert.java:656)
at org.testng.Assert.assertEquals(Assert.java:666)
at com.skillstorm.cucumber.CandyStepDefinitions.iClickTheAddCandyButton(CandyStepDefinitions.java:54)
at ✽.I click the ADD CANDY button(classpath:com/skillstorm/candy.feature:18)
]]>
    </failure>
  </testcase> <!-- runScenario -->
</testsuite> <!-- com.skillstorm.RunCucumberTest -->
