<html>
<head>
<title>TestNG:  Default test</title>
<link href="../testng.css" rel="stylesheet" type="text/css" />
<link href="../my-testng.css" rel="stylesheet" type="text/css" />

<style type="text/css">
.log { display: none;} 
.stack-trace { display: none;} 
</style>
<script type="text/javascript">
<!--
function flip(e) {
  current = e.style.display;
  if (current == 'block') {
    e.style.display = 'none';
    return 0;
  }
  else {
    e.style.display = 'block';
    return 1;
  }
}

function toggleBox(szDivId, elem, msg1, msg2)
{
  var res = -1;  if (document.getElementById) {
    res = flip(document.getElementById(szDivId));
  }
  else if (document.all) {
    // this is the way old msie versions work
    res = flip(document.all[szDivId]);
  }
  if(elem) {
    if(res == 0) elem.innerHTML = msg1; else elem.innerHTML = msg2;
  }

}

function toggleAllBoxes() {
  if (document.getElementsByTagName) {
    d = document.getElementsByTagName('div');
    for (i = 0; i < d.length; i++) {
      if (d[i].className == 'log') {
        flip(d[i]);
      }
    }
  }
}

// -->
</script>

</head>
<body>
<h2 align='center'>Default test</h2><table border='1' align="center">
<tr>
<td>Tests passed/Failed/Skipped:</td><td>90/0/0</td>
</tr><tr>
<td>Started on:</td><td>Fri Sep 06 09:22:02 EDT 2024</td>
</tr>
<tr><td>Total time:</td><td>1 seconds (1120 ms)</td>
</tr><tr>
<td>Included groups:</td><td></td>
</tr><tr>
<td>Excluded groups:</td><td></td>
</tr>
</table><p/>
<small><i>(Hover the method name to see the test class name)</i></small><p/>
<table width='100%' border='1' class='invocation-passed'>
<tr><td colspan='4' align='center'><b>PASSED TESTS</b></td></tr>
<tr><td><b>Test method</b></td>
<td><b>Attribute(s)</b></td>
<td width="30%"><b>Exception</b></td>
<td width="10%"><b>Time (seconds)</b></td>
<td><b>Instance</b></td>
</tr>
<tr>
<td title='com.skillstorm.project_one.WarehouseServiceTest.testFindAll()'><b>testFindAll</b><br>Test class: com.skillstorm.project_one.WarehouseServiceTest</td>
<td></td>
<td>0</td>
<td>com.skillstorm.project_one.WarehouseServiceTest@62f87c44</td></tr>
<tr>
<td title='com.skillstorm.project_one.CandyControllerTest.testGetCandyById()'><b>testGetCandyById</b><br>Test class: com.skillstorm.project_one.CandyControllerTest</td>
<td></td>
<td>0</td>
<td>com.skillstorm.project_one.CandyControllerTest@7072bc39</td></tr>
<tr>
<td title='com.skillstorm.project_one.OrderItemUnitTests.testGetters()'><b>testGetters</b><br>Test class: com.skillstorm.project_one.OrderItemUnitTests</td>
<td></td>
<td>0</td>
<td>com.skillstorm.project_one.OrderItemUnitTests@3676ac27</td></tr>
<tr>
<td title='com.skillstorm.project_one.StockServiceTest.testUpdateStockStockNotFound()'><b>testUpdateStockStockNotFound</b><br>Test class: com.skillstorm.project_one.StockServiceTest</td>
<td><div><pre>java.util.NoSuchElementException: Stock with id 0 does not exist
	at com.skillstorm.project_one.Services.StockService.updateStock(StockService.java:98)
	at com.skillstorm.project_one.StockServiceTest.testUpdateStockStockNotFound(StockServiceTest.java:231)
	at java.base/jdk.internal.reflect.NativeMethodAccessorImpl.invoke0(Native Method)
	at java.base/jdk.internal.reflect.NativeMethodAccessorImpl.invoke(NativeMethodAccessorImpl.java:77)
	at java.base/jdk.internal.reflect.DelegatingMethodAccessorImpl.invoke(DelegatingMethodAccessorImpl.java:43)
	at java.base/java.lang.reflect.Method.invoke(Method.java:568)
	at org.testng.internal.invokers.MethodInvocationHelper.invokeMethod(MethodInvocationHelper.java:141)
	at org.testng.internal.invokers.TestInvoker.invokeMethod(TestInvoker.java:686)
	at org.testng.internal.invokers.TestInvoker.invokeTestMethod(TestInvoker.java:230)
	at org.testng.internal.invokers.MethodRunner.runInSequence(MethodRunner.java:63)
	at org.testng.internal.invokers.TestInvoker$MethodInvocationAgent.invoke(TestInvoker.java:992)
	at org.testng.internal.invokers.TestInvoker.invokeTestMethods(TestInvoker.java:203)
	at org.testng.internal.invokers.TestMethodWorker.invokeTestMethods(TestMethodWorker.java:154)
	at org.testng.internal.invokers.TestMethodWorker.run(TestMethodWorker.java:134)
	at java.base/java.util.ArrayList.forEach(ArrayList.java:1511)
	at org.testng.TestRunner.privateRun(TestRunner.java:739)
	at org.testng.TestRunner.run(TestRunner.java:614)
	at org.testng.SuiteRunner.runTest(SuiteRunner.java:421)
	at org.testng.SuiteRunner.runSequentially(SuiteRunner.java:413)
	at org.testng.SuiteRunner.privateRun(SuiteRunner.java:373)
	at org.testng.SuiteRunner.run(SuiteRunner.java:312)
	at org.testng.SuiteRunnerWorker.runSuite(SuiteRunnerWorker.java:52)
	at org.testng.SuiteRunnerWorker.run(SuiteRunnerWorker.java:95)
	at org.testng.TestNG.runSuitesSequentially(TestNG.java:1274)
	at org.testng.TestNG.runSuitesLocally(TestNG.java:1208)
	at org.testng.TestNG.runSuites(TestNG.java:1112)
	at org.testng.TestNG.run(TestNG.java:1079)
	at org.apache.maven.surefire.testng.TestNGExecutor.run(TestNGExecutor.java:308)
	at org.apache.maven.surefire.testng.TestNGXmlTestSuite.execute(TestNGXmlTestSuite.java:71)
	at org.apache.maven.surefire.testng.TestNGProvider.invoke(TestNGProvider.java:113)
	at org.apache.maven.surefire.booter.ForkedBooter.runSuitesInProcess(ForkedBooter.java:385)
	at org.apache.maven.surefire.booter.ForkedBooter.execute(ForkedBooter.java:162)
	at org.apache.maven.surefire.booter.ForkedBooter.run(ForkedBooter.java:507)
	at org.apache.maven.surefire.booter.ForkedBooter.main(ForkedBooter.java:495)
</pre></div><a href='#' onClick='toggleBox("stack-trace1366968051", this, "Click to show all stack frames", "Click to hide stack frames")'>Click to show all stack frames</a>
<div class='stack-trace' id='stack-trace1366968051'><pre>java.util.NoSuchElementException: Stock with id 0 does not exist
	at com.skillstorm.project_one.Services.StockService.updateStock(StockService.java:98)
	at com.skillstorm.project_one.StockServiceTest.testUpdateStockStockNotFound(StockServiceTest.java:231)
	at java.base/jdk.internal.reflect.NativeMethodAccessorImpl.invoke0(Native Method)
	at java.base/jdk.internal.reflect.NativeMethodAccessorImpl.invoke(NativeMethodAccessorImpl.java:77)
	at java.base/jdk.internal.reflect.DelegatingMethodAccessorImpl.invoke(DelegatingMethodAccessorImpl.java:43)
	at java.base/java.lang.reflect.Method.invoke(Method.java:568)
	at org.testng.internal.invokers.MethodInvocationHelper.invokeMethod(MethodInvocationHelper.java:141)
	at org.testng.internal.invokers.TestInvoker.invokeMethod(TestInvoker.java:686)
	at org.testng.internal.invokers.TestInvoker.invokeTestMethod(TestInvoker.java:230)
	at org.testng.internal.invokers.MethodRunner.runInSequence(MethodRunner.java:63)
	at org.testng.internal.invokers.TestInvoker$MethodInvocationAgent.invoke(TestInvoker.java:992)
	at org.testng.internal.invokers.TestInvoker.invokeTestMethods(TestInvoker.java:203)
	at org.testng.internal.invokers.TestMethodWorker.invokeTestMethods(TestMethodWorker.java:154)
	at org.testng.internal.invokers.TestMethodWorker.run(TestMethodWorker.java:134)
	at java.base/java.util.ArrayList.forEach(ArrayList.java:1511)
	at org.testng.TestRunner.privateRun(TestRunner.java:739)
	at org.testng.TestRunner.run(TestRunner.java:614)
	at org.testng.SuiteRunner.runTest(SuiteRunner.java:421)
	at org.testng.SuiteRunner.runSequentially(SuiteRunner.java:413)
	at org.testng.SuiteRunner.privateRun(SuiteRunner.java:373)
	at org.testng.SuiteRunner.run(SuiteRunner.java:312)
	at org.testng.SuiteRunnerWorker.runSuite(SuiteRunnerWorker.java:52)
	at org.testng.SuiteRunnerWorker.run(SuiteRunnerWorker.java:95)
	at org.testng.TestNG.runSuitesSequentially(TestNG.java:1274)
	at org.testng.TestNG.runSuitesLocally(TestNG.java:1208)
	at org.testng.TestNG.runSuites(TestNG.java:1112)
	at org.testng.TestNG.run(TestNG.java:1079)
	at org.apache.maven.surefire.testng.TestNGExecutor.run(TestNGExecutor.java:308)
	at org.apache.maven.surefire.testng.TestNGXmlTestSuite.execute(TestNGXmlTestSuite.java:71)
	at org.apache.maven.surefire.testng.TestNGProvider.invoke(TestNGProvider.java:113)
	at org.apache.maven.surefire.booter.ForkedBooter.runSuitesInProcess(ForkedBooter.java:385)
	at org.apache.maven.surefire.booter.ForkedBooter.execute(ForkedBooter.java:162)
	at org.apache.maven.surefire.booter.ForkedBooter.run(ForkedBooter.java:507)
	at org.apache.maven.surefire.booter.ForkedBooter.main(ForkedBooter.java:495)
</pre></div></td>
<td>0</td>
<td>com.skillstorm.project_one.StockServiceTest@2ca65ce4</td></tr>
<tr>
<td title='com.skillstorm.project_one.StockControllerTest.testDeleteStock()'><b>testDeleteStock</b><br>Test class: com.skillstorm.project_one.StockControllerTest</td>
<td></td>
<td>0</td>
<td>com.skillstorm.project_one.StockControllerTest@5769e7ae</td></tr>
<tr>
<td title='com.skillstorm.project_one.OrderItemDTOUnitTests.testToString()'><b>testToString</b><br>Test class: com.skillstorm.project_one.OrderItemDTOUnitTests</td>
<td></td>
<td>0</td>
<td>com.skillstorm.project_one.OrderItemDTOUnitTests@5149f008</td></tr>
<tr>
<td title='com.skillstorm.project_one.StockServiceTest.testCreateStockWarehouseEmpty()'><b>testCreateStockWarehouseEmpty</b><br>Test class: com.skillstorm.project_one.StockServiceTest</td>
<td><div><pre>java.util.NoSuchElementException: Warehouse not found
	at com.skillstorm.project_one.Services.StockService.lambda$createStock$1(StockService.java:78)
	at java.base/java.util.Optional.orElseThrow(Optional.java:403)
	at com.skillstorm.project_one.Services.StockService.createStock(StockService.java:78)
	at com.skillstorm.project_one.StockServiceTest.testCreateStockWarehouseEmpty(StockServiceTest.java:203)
	at java.base/jdk.internal.reflect.NativeMethodAccessorImpl.invoke0(Native Method)
	at java.base/jdk.internal.reflect.NativeMethodAccessorImpl.invoke(NativeMethodAccessorImpl.java:77)
	at java.base/jdk.internal.reflect.DelegatingMethodAccessorImpl.invoke(DelegatingMethodAccessorImpl.java:43)
	at java.base/java.lang.reflect.Method.invoke(Method.java:568)
	at org.testng.internal.invokers.MethodInvocationHelper.invokeMethod(MethodInvocationHelper.java:141)
	at org.testng.internal.invokers.TestInvoker.invokeMethod(TestInvoker.java:686)
	at org.testng.internal.invokers.TestInvoker.invokeTestMethod(TestInvoker.java:230)
	at org.testng.internal.invokers.MethodRunner.runInSequence(MethodRunner.java:63)
	at org.testng.internal.invokers.TestInvoker$MethodInvocationAgent.invoke(TestInvoker.java:992)
	at org.testng.internal.invokers.TestInvoker.invokeTestMethods(TestInvoker.java:203)
	at org.testng.internal.invokers.TestMethodWorker.invokeTestMethods(TestMethodWorker.java:154)
	at org.testng.internal.invokers.TestMethodWorker.run(TestMethodWorker.java:134)
	at java.base/java.util.ArrayList.forEach(ArrayList.java:1511)
	at org.testng.TestRunner.privateRun(TestRunner.java:739)
	at org.testng.TestRunner.run(TestRunner.java:614)
	at org.testng.SuiteRunner.runTest(SuiteRunner.java:421)
	at org.testng.SuiteRunner.runSequentially(SuiteRunner.java:413)
	at org.testng.SuiteRunner.privateRun(SuiteRunner.java:373)
	at org.testng.SuiteRunner.run(SuiteRunner.java:312)
	at org.testng.SuiteRunnerWorker.runSuite(SuiteRunnerWorker.java:52)
	at org.testng.SuiteRunnerWorker.run(SuiteRunnerWorker.java:95)
	at org.testng.TestNG.runSuitesSequentially(TestNG.java:1274)
	at org.testng.TestNG.runSuitesLocally(TestNG.java:1208)
	at org.testng.TestNG.runSuites(TestNG.java:1112)
	at org.testng.TestNG.run(TestNG.java:1079)
	at org.apache.maven.surefire.testng.TestNGExecutor.run(TestNGExecutor.java:308)
	at org.apache.maven.surefire.testng.TestNGXmlTestSuite.execute(TestNGXmlTestSuite.java:71)
	at org.apache.maven.surefire.testng.TestNGProvider.invoke(TestNGProvider.java:113)
	at org.apache.maven.surefire.booter.ForkedBooter.runSuitesInProcess(ForkedBooter.java:385)
	at org.apache.maven.surefire.booter.ForkedBooter.execute(ForkedBooter.java:162)
	at org.apache.maven.surefire.booter.ForkedBooter.run(ForkedBooter.java:507)
	at org.apache.maven.surefire.booter.ForkedBooter.main(ForkedBooter.java:495)
</pre></div><a href='#' onClick='toggleBox("stack-trace1214022871", this, "Click to show all stack frames", "Click to hide stack frames")'>Click to show all stack frames</a>
<div class='stack-trace' id='stack-trace1214022871'><pre>java.util.NoSuchElementException: Warehouse not found
	at com.skillstorm.project_one.Services.StockService.lambda$createStock$1(StockService.java:78)
	at java.base/java.util.Optional.orElseThrow(Optional.java:403)
	at com.skillstorm.project_one.Services.StockService.createStock(StockService.java:78)
	at com.skillstorm.project_one.StockServiceTest.testCreateStockWarehouseEmpty(StockServiceTest.java:203)
	at java.base/jdk.internal.reflect.NativeMethodAccessorImpl.invoke0(Native Method)
	at java.base/jdk.internal.reflect.NativeMethodAccessorImpl.invoke(NativeMethodAccessorImpl.java:77)
	at java.base/jdk.internal.reflect.DelegatingMethodAccessorImpl.invoke(DelegatingMethodAccessorImpl.java:43)
	at java.base/java.lang.reflect.Method.invoke(Method.java:568)
	at org.testng.internal.invokers.MethodInvocationHelper.invokeMethod(MethodInvocationHelper.java:141)
	at org.testng.internal.invokers.TestInvoker.invokeMethod(TestInvoker.java:686)
	at org.testng.internal.invokers.TestInvoker.invokeTestMethod(TestInvoker.java:230)
	at org.testng.internal.invokers.MethodRunner.runInSequence(MethodRunner.java:63)
	at org.testng.internal.invokers.TestInvoker$MethodInvocationAgent.invoke(TestInvoker.java:992)
	at org.testng.internal.invokers.TestInvoker.invokeTestMethods(TestInvoker.java:203)
	at org.testng.internal.invokers.TestMethodWorker.invokeTestMethods(TestMethodWorker.java:154)
	at org.testng.internal.invokers.TestMethodWorker.run(TestMethodWorker.java:134)
	at java.base/java.util.ArrayList.forEach(ArrayList.java:1511)
	at org.testng.TestRunner.privateRun(TestRunner.java:739)
	at org.testng.TestRunner.run(TestRunner.java:614)
	at org.testng.SuiteRunner.runTest(SuiteRunner.java:421)
	at org.testng.SuiteRunner.runSequentially(SuiteRunner.java:413)
	at org.testng.SuiteRunner.privateRun(SuiteRunner.java:373)
	at org.testng.SuiteRunner.run(SuiteRunner.java:312)
	at org.testng.SuiteRunnerWorker.runSuite(SuiteRunnerWorker.java:52)
	at org.testng.SuiteRunnerWorker.run(SuiteRunnerWorker.java:95)
	at org.testng.TestNG.runSuitesSequentially(TestNG.java:1274)
	at org.testng.TestNG.runSuitesLocally(TestNG.java:1208)
	at org.testng.TestNG.runSuites(TestNG.java:1112)
	at org.testng.TestNG.run(TestNG.java:1079)
	at org.apache.maven.surefire.testng.TestNGExecutor.run(TestNGExecutor.java:308)
	at org.apache.maven.surefire.testng.TestNGXmlTestSuite.execute(TestNGXmlTestSuite.java:71)
	at org.apache.maven.surefire.testng.TestNGProvider.invoke(TestNGProvider.java:113)
	at org.apache.maven.surefire.booter.ForkedBooter.runSuitesInProcess(ForkedBooter.java:385)
	at org.apache.maven.surefire.booter.ForkedBooter.execute(ForkedBooter.java:162)
	at org.apache.maven.surefire.booter.ForkedBooter.run(ForkedBooter.java:507)
	at org.apache.maven.surefire.booter.ForkedBooter.main(ForkedBooter.java:495)
</pre></div></td>
<td>0</td>
<td>com.skillstorm.project_one.StockServiceTest@2ca65ce4</td></tr>
<tr>
<td title='com.skillstorm.project_one.CandyServiceTests.testFindById()'><b>testFindById</b><br>Test class: com.skillstorm.project_one.CandyServiceTests</td>
<td></td>
<td>0</td>
<td>com.skillstorm.project_one.CandyServiceTests@2b5cb9b2</td></tr>
<tr>
<td title='com.skillstorm.project_one.OrderItemDTOUnitTests.testConstructor()'><b>testConstructor</b><br>Test class: com.skillstorm.project_one.OrderItemDTOUnitTests</td>
<td></td>
<td>0</td>
<td>com.skillstorm.project_one.OrderItemDTOUnitTests@5149f008</td></tr>
<tr>
<td title='com.skillstorm.project_one.WarehouseServiceTest.testUpdateStockForWarehouse()'><b>testUpdateStockForWarehouse</b><br>Test class: com.skillstorm.project_one.WarehouseServiceTest</td>
<td></td>
<td>0</td>
<td>com.skillstorm.project_one.WarehouseServiceTest@62f87c44</td></tr>
<tr>
<td title='com.skillstorm.project_one.CandyControllerTest.testGetByFlavor()'><b>testGetByFlavor</b><br>Test class: com.skillstorm.project_one.CandyControllerTest</td>
<td></td>
<td>0</td>
<td>com.skillstorm.project_one.CandyControllerTest@7072bc39</td></tr>
<tr>
<td title='com.skillstorm.project_one.StockTest.testGetAndSetCandy()'><b>testGetAndSetCandy</b><br>Test class: com.skillstorm.project_one.StockTest</td>
<td></td>
<td>0</td>
<td>com.skillstorm.project_one.StockTest@50305a</td></tr>
<tr>
<td title='com.skillstorm.project_one.OrderItemUnitTests.testToString()'><b>testToString</b><br>Test class: com.skillstorm.project_one.OrderItemUnitTests</td>
<td></td>
<td>0</td>
<td>com.skillstorm.project_one.OrderItemUnitTests@3676ac27</td></tr>
<tr>
<td title='com.skillstorm.project_one.CandyServiceTests.testDeleteCandy()'><b>testDeleteCandy</b><br>Test class: com.skillstorm.project_one.CandyServiceTests</td>
<td></td>
<td>0</td>
<td>com.skillstorm.project_one.CandyServiceTests@2b5cb9b2</td></tr>
<tr>
<td title='com.skillstorm.project_one.OrdersServiceTest.testUpdateOrders()'><b>testUpdateOrders</b><br>Test class: com.skillstorm.project_one.OrdersServiceTest</td>
<td></td>
<td>0</td>
<td>com.skillstorm.project_one.OrdersServiceTest@327120c8</td></tr>
<tr>
<td title='com.skillstorm.project_one.WarehouseControllerTest.testUpdateWarehouse()'><b>testUpdateWarehouse</b><br>Test class: com.skillstorm.project_one.WarehouseControllerTest</td>
<td></td>
<td>0</td>
<td>com.skillstorm.project_one.WarehouseControllerTest@158d255c</td></tr>
<tr>
<td title='com.skillstorm.project_one.WarehouseModelTest.testSetLocationAndGetLocation()'><b>testSetLocationAndGetLocation</b><br>Test class: com.skillstorm.project_one.WarehouseModelTest</td>
<td></td>
<td>0</td>
<td>com.skillstorm.project_one.WarehouseModelTest@525d79f0</td></tr>
<tr>
<td title='com.skillstorm.project_one.OrdersControllerTest.testDeleteOrderById()'><b>testDeleteOrderById</b><br>Test class: com.skillstorm.project_one.OrdersControllerTest</td>
<td></td>
<td>0</td>
<td>com.skillstorm.project_one.OrdersControllerTest@48f5bde6</td></tr>
<tr>
<td title='com.skillstorm.project_one.StockDTOUnitTests.testGettersAndSetters()'><b>testGettersAndSetters</b><br>Test class: com.skillstorm.project_one.StockDTOUnitTests</td>
<td></td>
<td>0</td>
<td>com.skillstorm.project_one.StockDTOUnitTests@ecf9049</td></tr>
<tr>
<td title='com.skillstorm.project_one.StockTest.testGetWarehouseId()'><b>testGetWarehouseId</b><br>Test class: com.skillstorm.project_one.StockTest</td>
<td></td>
<td>0</td>
<td>com.skillstorm.project_one.StockTest@50305a</td></tr>
<tr>
<td title='com.skillstorm.project_one.CandyUnitTests.testGetters()'><b>testGetters</b><br>Test class: com.skillstorm.project_one.CandyUnitTests</td>
<td></td>
<td>0</td>
<td>com.skillstorm.project_one.CandyUnitTests@5707c1cb</td></tr>
<tr>
<td title='com.skillstorm.project_one.OrderItemControllerTest.testDeleteOrderItem()'><b>testDeleteOrderItem</b><br>Test class: com.skillstorm.project_one.OrderItemControllerTest</td>
<td></td>
<td>0</td>
<td>com.skillstorm.project_one.OrderItemControllerTest@35038141</td></tr>
<tr>
<td title='com.skillstorm.project_one.StockServiceTest.testUpdateStock()'><b>testUpdateStock</b><br>Test class: com.skillstorm.project_one.StockServiceTest</td>
<td></td>
<td>0</td>
<td>com.skillstorm.project_one.StockServiceTest@2ca65ce4</td></tr>
<tr>
<td title='com.skillstorm.project_one.OrdersServiceTest.testFindAll()'><b>testFindAll</b><br>Test class: com.skillstorm.project_one.OrdersServiceTest</td>
<td></td>
<td>0</td>
<td>com.skillstorm.project_one.OrdersServiceTest@327120c8</td></tr>
<tr>
<td title='com.skillstorm.project_one.CandyControllerTest.testUpdateCandy()'><b>testUpdateCandy</b><br>Test class: com.skillstorm.project_one.CandyControllerTest</td>
<td></td>
<td>0</td>
<td>com.skillstorm.project_one.CandyControllerTest@7072bc39</td></tr>
<tr>
<td title='com.skillstorm.project_one.OrdersServiceTest.testDeleteOrder()'><b>testDeleteOrder</b><br>Test class: com.skillstorm.project_one.OrdersServiceTest</td>
<td></td>
<td>0</td>
<td>com.skillstorm.project_one.OrdersServiceTest@327120c8</td></tr>
<tr>
<td title='com.skillstorm.project_one.OrderItemControllerTest.testUpdateOrderItem()'><b>testUpdateOrderItem</b><br>Test class: com.skillstorm.project_one.OrderItemControllerTest</td>
<td></td>
<td>0</td>
<td>com.skillstorm.project_one.OrderItemControllerTest@35038141</td></tr>
<tr>
<td title='com.skillstorm.project_one.CandyUnitTests.testSetters()'><b>testSetters</b><br>Test class: com.skillstorm.project_one.CandyUnitTests</td>
<td></td>
<td>0</td>
<td>com.skillstorm.project_one.CandyUnitTests@5707c1cb</td></tr>
<tr>
<td title='com.skillstorm.project_one.WarehouseServiceTest.testDeleteWarehouse()'><b>testDeleteWarehouse</b><br>Test class: com.skillstorm.project_one.WarehouseServiceTest</td>
<td></td>
<td>0</td>
<td>com.skillstorm.project_one.WarehouseServiceTest@62f87c44</td></tr>
<tr>
<td title='com.skillstorm.project_one.OrderItemControllerTest.testCreateOrderItem()'><b>testCreateOrderItem</b><br>Test class: com.skillstorm.project_one.OrderItemControllerTest</td>
<td></td>
<td>0</td>
<td>com.skillstorm.project_one.OrderItemControllerTest@35038141</td></tr>
<tr>
<td title='com.skillstorm.project_one.OrderItemServiceTest.testCreateOrderItem_Success()'><b>testCreateOrderItem_Success</b><br>Test class: com.skillstorm.project_one.OrderItemServiceTest</td>
<td></td>
<td>0</td>
<td>com.skillstorm.project_one.OrderItemServiceTest@672f11c2</td></tr>
<tr>
<td title='com.skillstorm.project_one.WarehouseServiceTest.testCreateWarehouse()'><b>testCreateWarehouse</b><br>Test class: com.skillstorm.project_one.WarehouseServiceTest</td>
<td></td>
<td>0</td>
<td>com.skillstorm.project_one.WarehouseServiceTest@62f87c44</td></tr>
<tr>
<td title='com.skillstorm.project_one.WarehouseServiceTest.testFindById()'><b>testFindById</b><br>Test class: com.skillstorm.project_one.WarehouseServiceTest</td>
<td></td>
<td>0</td>
<td>com.skillstorm.project_one.WarehouseServiceTest@62f87c44</td></tr>
<tr>
<td title='com.skillstorm.project_one.WarehouseServiceTest.testSuccessfulUpdateWarehouse()'><b>testSuccessfulUpdateWarehouse</b><br>Test class: com.skillstorm.project_one.WarehouseServiceTest</td>
<td></td>
<td>0</td>
<td>com.skillstorm.project_one.WarehouseServiceTest@62f87c44</td></tr>
<tr>
<td title='com.skillstorm.project_one.OrdersServiceTest.testGetOrdersById()'><b>testGetOrdersById</b><br>Test class: com.skillstorm.project_one.OrdersServiceTest</td>
<td></td>
<td>0</td>
<td>com.skillstorm.project_one.OrdersServiceTest@327120c8</td></tr>
<tr>
<td title='com.skillstorm.project_one.OrderUnitTests.testSetters()'><b>testSetters</b><br>Test class: com.skillstorm.project_one.OrderUnitTests</td>
<td></td>
<td>0</td>
<td>com.skillstorm.project_one.OrderUnitTests@2970a5bc</td></tr>
<tr>
<td title='com.skillstorm.project_one.WarehouseModelTest.testSetCurrentStockAndGetCurrentStock()'><b>testSetCurrentStockAndGetCurrentStock</b><br>Test class: com.skillstorm.project_one.WarehouseModelTest</td>
<td></td>
<td>0</td>
<td>com.skillstorm.project_one.WarehouseModelTest@525d79f0</td></tr>
<tr>
<td title='com.skillstorm.project_one.StockServiceTest.testCreateStock()'><b>testCreateStock</b><br>Test class: com.skillstorm.project_one.StockServiceTest</td>
<td></td>
<td>0</td>
<td>com.skillstorm.project_one.StockServiceTest@2ca65ce4</td></tr>
<tr>
<td title='com.skillstorm.project_one.CandyServiceTests.testFindByType()'><b>testFindByType</b><br>Test class: com.skillstorm.project_one.CandyServiceTests</td>
<td></td>
<td>0</td>
<td>com.skillstorm.project_one.CandyServiceTests@2b5cb9b2</td></tr>
<tr>
<td title='com.skillstorm.project_one.CandyControllerTest.testGetAllCandy()'><b>testGetAllCandy</b><br>Test class: com.skillstorm.project_one.CandyControllerTest</td>
<td></td>
<td>0</td>
<td>com.skillstorm.project_one.CandyControllerTest@7072bc39</td></tr>
<tr>
<td title='com.skillstorm.project_one.WarehouseControllerTest.testCreateWarehouse()'><b>testCreateWarehouse</b><br>Test class: com.skillstorm.project_one.WarehouseControllerTest</td>
<td></td>
<td>0</td>
<td>com.skillstorm.project_one.WarehouseControllerTest@158d255c</td></tr>
<tr>
<td title='com.skillstorm.project_one.StockDTOUnitTests.testToString()'><b>testToString</b><br>Test class: com.skillstorm.project_one.StockDTOUnitTests</td>
<td></td>
<td>0</td>
<td>com.skillstorm.project_one.StockDTOUnitTests@ecf9049</td></tr>
<tr>
<td title='com.skillstorm.project_one.StockControllerTest.testGetStocksByWarehouse()'><b>testGetStocksByWarehouse</b><br>Test class: com.skillstorm.project_one.StockControllerTest</td>
<td></td>
<td>0</td>
<td>com.skillstorm.project_one.StockControllerTest@5769e7ae</td></tr>
<tr>
<td title='com.skillstorm.project_one.OrdersControllerTest.testUpdateOrders()'><b>testUpdateOrders</b><br>Test class: com.skillstorm.project_one.OrdersControllerTest</td>
<td></td>
<td>0</td>
<td>com.skillstorm.project_one.OrdersControllerTest@48f5bde6</td></tr>
<tr>
<td title='com.skillstorm.project_one.StockTest.testToString()'><b>testToString</b><br>Test class: com.skillstorm.project_one.StockTest</td>
<td></td>
<td>0</td>
<td>com.skillstorm.project_one.StockTest@50305a</td></tr>
<tr>
<td title='com.skillstorm.project_one.WarehouseModelTest.testSetCapacityAndGetCapacity()'><b>testSetCapacityAndGetCapacity</b><br>Test class: com.skillstorm.project_one.WarehouseModelTest</td>
<td></td>
<td>0</td>
<td>com.skillstorm.project_one.WarehouseModelTest@525d79f0</td></tr>
<tr>
<td title='com.skillstorm.project_one.OrderItemControllerTest.testFindAll()'><b>testFindAll</b><br>Test class: com.skillstorm.project_one.OrderItemControllerTest</td>
<td></td>
<td>0</td>
<td>com.skillstorm.project_one.OrderItemControllerTest@35038141</td></tr>
<tr>
<td title='com.skillstorm.project_one.StockServiceTest.testCreateStockWarehouseNotFound()'><b>testCreateStockWarehouseNotFound</b><br>Test class: com.skillstorm.project_one.StockServiceTest</td>
<td><div><pre>java.util.NoSuchElementException: Warehouse not found
	at com.skillstorm.project_one.Services.StockService.createStock(StockService.java:78)
	at com.skillstorm.project_one.StockServiceTest.testCreateStockWarehouseNotFound(StockServiceTest.java:190)
	at java.base/jdk.internal.reflect.NativeMethodAccessorImpl.invoke0(Native Method)
	at java.base/jdk.internal.reflect.NativeMethodAccessorImpl.invoke(NativeMethodAccessorImpl.java:77)
	at java.base/jdk.internal.reflect.DelegatingMethodAccessorImpl.invoke(DelegatingMethodAccessorImpl.java:43)
	at java.base/java.lang.reflect.Method.invoke(Method.java:568)
	at org.testng.internal.invokers.MethodInvocationHelper.invokeMethod(MethodInvocationHelper.java:141)
	at org.testng.internal.invokers.TestInvoker.invokeMethod(TestInvoker.java:686)
	at org.testng.internal.invokers.TestInvoker.invokeTestMethod(TestInvoker.java:230)
	at org.testng.internal.invokers.MethodRunner.runInSequence(MethodRunner.java:63)
	at org.testng.internal.invokers.TestInvoker$MethodInvocationAgent.invoke(TestInvoker.java:992)
	at org.testng.internal.invokers.TestInvoker.invokeTestMethods(TestInvoker.java:203)
	at org.testng.internal.invokers.TestMethodWorker.invokeTestMethods(TestMethodWorker.java:154)
	at org.testng.internal.invokers.TestMethodWorker.run(TestMethodWorker.java:134)
	at java.base/java.util.ArrayList.forEach(ArrayList.java:1511)
	at org.testng.TestRunner.privateRun(TestRunner.java:739)
	at org.testng.TestRunner.run(TestRunner.java:614)
	at org.testng.SuiteRunner.runTest(SuiteRunner.java:421)
	at org.testng.SuiteRunner.runSequentially(SuiteRunner.java:413)
	at org.testng.SuiteRunner.privateRun(SuiteRunner.java:373)
	at org.testng.SuiteRunner.run(SuiteRunner.java:312)
	at org.testng.SuiteRunnerWorker.runSuite(SuiteRunnerWorker.java:52)
	at org.testng.SuiteRunnerWorker.run(SuiteRunnerWorker.java:95)
	at org.testng.TestNG.runSuitesSequentially(TestNG.java:1274)
	at org.testng.TestNG.runSuitesLocally(TestNG.java:1208)
	at org.testng.TestNG.runSuites(TestNG.java:1112)
	at org.testng.TestNG.run(TestNG.java:1079)
	at org.apache.maven.surefire.testng.TestNGExecutor.run(TestNGExecutor.java:308)
	at org.apache.maven.surefire.testng.TestNGXmlTestSuite.execute(TestNGXmlTestSuite.java:71)
	at org.apache.maven.surefire.testng.TestNGProvider.invoke(TestNGProvider.java:113)
	at org.apache.maven.surefire.booter.ForkedBooter.runSuitesInProcess(ForkedBooter.java:385)
	at org.apache.maven.surefire.booter.ForkedBooter.execute(ForkedBooter.java:162)
	at org.apache.maven.surefire.booter.ForkedBooter.run(ForkedBooter.java:507)
	at org.apache.maven.surefire.booter.ForkedBooter.main(ForkedBooter.java:495)
</pre></div><a href='#' onClick='toggleBox("stack-trace564910688", this, "Click to show all stack frames", "Click to hide stack frames")'>Click to show all stack frames</a>
<div class='stack-trace' id='stack-trace564910688'><pre>java.util.NoSuchElementException: Warehouse not found
	at com.skillstorm.project_one.Services.StockService.createStock(StockService.java:78)
	at com.skillstorm.project_one.StockServiceTest.testCreateStockWarehouseNotFound(StockServiceTest.java:190)
	at java.base/jdk.internal.reflect.NativeMethodAccessorImpl.invoke0(Native Method)
	at java.base/jdk.internal.reflect.NativeMethodAccessorImpl.invoke(NativeMethodAccessorImpl.java:77)
	at java.base/jdk.internal.reflect.DelegatingMethodAccessorImpl.invoke(DelegatingMethodAccessorImpl.java:43)
	at java.base/java.lang.reflect.Method.invoke(Method.java:568)
	at org.testng.internal.invokers.MethodInvocationHelper.invokeMethod(MethodInvocationHelper.java:141)
	at org.testng.internal.invokers.TestInvoker.invokeMethod(TestInvoker.java:686)
	at org.testng.internal.invokers.TestInvoker.invokeTestMethod(TestInvoker.java:230)
	at org.testng.internal.invokers.MethodRunner.runInSequence(MethodRunner.java:63)
	at org.testng.internal.invokers.TestInvoker$MethodInvocationAgent.invoke(TestInvoker.java:992)
	at org.testng.internal.invokers.TestInvoker.invokeTestMethods(TestInvoker.java:203)
	at org.testng.internal.invokers.TestMethodWorker.invokeTestMethods(TestMethodWorker.java:154)
	at org.testng.internal.invokers.TestMethodWorker.run(TestMethodWorker.java:134)
	at java.base/java.util.ArrayList.forEach(ArrayList.java:1511)
	at org.testng.TestRunner.privateRun(TestRunner.java:739)
	at org.testng.TestRunner.run(TestRunner.java:614)
	at org.testng.SuiteRunner.runTest(SuiteRunner.java:421)
	at org.testng.SuiteRunner.runSequentially(SuiteRunner.java:413)
	at org.testng.SuiteRunner.privateRun(SuiteRunner.java:373)
	at org.testng.SuiteRunner.run(SuiteRunner.java:312)
	at org.testng.SuiteRunnerWorker.runSuite(SuiteRunnerWorker.java:52)
	at org.testng.SuiteRunnerWorker.run(SuiteRunnerWorker.java:95)
	at org.testng.TestNG.runSuitesSequentially(TestNG.java:1274)
	at org.testng.TestNG.runSuitesLocally(TestNG.java:1208)
	at org.testng.TestNG.runSuites(TestNG.java:1112)
	at org.testng.TestNG.run(TestNG.java:1079)
	at org.apache.maven.surefire.testng.TestNGExecutor.run(TestNGExecutor.java:308)
	at org.apache.maven.surefire.testng.TestNGXmlTestSuite.execute(TestNGXmlTestSuite.java:71)
	at org.apache.maven.surefire.testng.TestNGProvider.invoke(TestNGProvider.java:113)
	at org.apache.maven.surefire.booter.ForkedBooter.runSuitesInProcess(ForkedBooter.java:385)
	at org.apache.maven.surefire.booter.ForkedBooter.execute(ForkedBooter.java:162)
	at org.apache.maven.surefire.booter.ForkedBooter.run(ForkedBooter.java:507)
	at org.apache.maven.surefire.booter.ForkedBooter.main(ForkedBooter.java:495)
</pre></div></td>
<td>0</td>
<td>com.skillstorm.project_one.StockServiceTest@2ca65ce4</td></tr>
<tr>
<td title='com.skillstorm.project_one.CandyControllerTest.testCreateCandy()'><b>testCreateCandy</b><br>Test class: com.skillstorm.project_one.CandyControllerTest</td>
<td></td>
<td>0</td>
<td>com.skillstorm.project_one.CandyControllerTest@7072bc39</td></tr>
<tr>
<td title='com.skillstorm.project_one.CandyControllerTest.testDeleteCandyById()'><b>testDeleteCandyById</b><br>Test class: com.skillstorm.project_one.CandyControllerTest</td>
<td></td>
<td>0</td>
<td>com.skillstorm.project_one.CandyControllerTest@7072bc39</td></tr>
<tr>
<td title='com.skillstorm.project_one.OrdersServiceTest.testFindByStatus()'><b>testFindByStatus</b><br>Test class: com.skillstorm.project_one.OrdersServiceTest</td>
<td></td>
<td>0</td>
<td>com.skillstorm.project_one.OrdersServiceTest@327120c8</td></tr>
<tr>
<td title='com.skillstorm.project_one.WarehouseModelTest.testWarehouseToString()'><b>testWarehouseToString</b><br>Test class: com.skillstorm.project_one.WarehouseModelTest</td>
<td></td>
<td>0</td>
<td>com.skillstorm.project_one.WarehouseModelTest@525d79f0</td></tr>
<tr>
<td title='com.skillstorm.project_one.OrdersControllerTest.testCreateOrders()'><b>testCreateOrders</b><br>Test class: com.skillstorm.project_one.OrdersControllerTest</td>
<td></td>
<td>0</td>
<td>com.skillstorm.project_one.OrdersControllerTest@48f5bde6</td></tr>
<tr>
<td title='com.skillstorm.project_one.StockControllerTest.testFindAllStocks()'><b>testFindAllStocks</b><br>Test class: com.skillstorm.project_one.StockControllerTest</td>
<td></td>
<td>0</td>
<td>com.skillstorm.project_one.StockControllerTest@5769e7ae</td></tr>
<tr>
<td title='com.skillstorm.project_one.StockTest.testGetCandyId()'><b>testGetCandyId</b><br>Test class: com.skillstorm.project_one.StockTest</td>
<td></td>
<td>0</td>
<td>com.skillstorm.project_one.StockTest@50305a</td></tr>
<tr>
<td title='com.skillstorm.project_one.StockServiceTest.testGetAllStockDTO()'><b>testGetAllStockDTO</b><br>Test class: com.skillstorm.project_one.StockServiceTest</td>
<td></td>
<td>0</td>
<td>com.skillstorm.project_one.StockServiceTest@2ca65ce4</td></tr>
<tr>
<td title='com.skillstorm.project_one.GlobalExceptionHandlerTest.testHandleValidationError()'><b>testHandleValidationError</b><br>Test class: com.skillstorm.project_one.GlobalExceptionHandlerTest</td>
<td></td>
<td>0</td>
<td>com.skillstorm.project_one.GlobalExceptionHandlerTest@72efb5c1</td></tr>
<tr>
<td title='com.skillstorm.project_one.OrderItemUnitTests.testSetters()'><b>testSetters</b><br>Test class: com.skillstorm.project_one.OrderItemUnitTests</td>
<td></td>
<td>0</td>
<td>com.skillstorm.project_one.OrderItemUnitTests@3676ac27</td></tr>
<tr>
<td title='com.skillstorm.project_one.CandyServiceTests.testUpdateCandyThrowsException()'><b>testUpdateCandyThrowsException</b><br>Test class: com.skillstorm.project_one.CandyServiceTests</td>
<td></td>
<td>0</td>
<td>com.skillstorm.project_one.CandyServiceTests@2b5cb9b2</td></tr>
<tr>
<td title='com.skillstorm.project_one.CandyControllerTest.testGetCandyByType()'><b>testGetCandyByType</b><br>Test class: com.skillstorm.project_one.CandyControllerTest</td>
<td></td>
<td>0</td>
<td>com.skillstorm.project_one.CandyControllerTest@7072bc39</td></tr>
<tr>
<td title='com.skillstorm.project_one.OrdersControllerTest.testFindOrdersByStatus()'><b>testFindOrdersByStatus</b><br>Test class: com.skillstorm.project_one.OrdersControllerTest</td>
<td></td>
<td>0</td>
<td>com.skillstorm.project_one.OrdersControllerTest@48f5bde6</td></tr>
<tr>
<td title='com.skillstorm.project_one.CandyUnitTests.testToString()'><b>testToString</b><br>Test class: com.skillstorm.project_one.CandyUnitTests</td>
<td></td>
<td>0</td>
<td>com.skillstorm.project_one.CandyUnitTests@5707c1cb</td></tr>
<tr>
<td title='com.skillstorm.project_one.CandyServiceTests.testCreateCandy()'><b>testCreateCandy</b><br>Test class: com.skillstorm.project_one.CandyServiceTests</td>
<td></td>
<td>0</td>
<td>com.skillstorm.project_one.CandyServiceTests@2b5cb9b2</td></tr>
<tr>
<td title='com.skillstorm.project_one.WarehouseControllerTest.testDeleteWarehouse()'><b>testDeleteWarehouse</b><br>Test class: com.skillstorm.project_one.WarehouseControllerTest</td>
<td></td>
<td>0</td>
<td>com.skillstorm.project_one.WarehouseControllerTest@158d255c</td></tr>
<tr>
<td title='com.skillstorm.project_one.OrderItemServiceTest.testFindAll()'><b>testFindAll</b><br>Test class: com.skillstorm.project_one.OrderItemServiceTest</td>
<td></td>
<td>0</td>
<td>com.skillstorm.project_one.OrderItemServiceTest@672f11c2</td></tr>
<tr>
<td title='com.skillstorm.project_one.OrderUnitTests.testToString()'><b>testToString</b><br>Test class: com.skillstorm.project_one.OrderUnitTests</td>
<td></td>
<td>0</td>
<td>com.skillstorm.project_one.OrderUnitTests@2970a5bc</td></tr>
<tr>
<td title='com.skillstorm.project_one.StockTest.testGetAndSetQuantity()'><b>testGetAndSetQuantity</b><br>Test class: com.skillstorm.project_one.StockTest</td>
<td></td>
<td>0</td>
<td>com.skillstorm.project_one.StockTest@50305a</td></tr>
<tr>
<td title='com.skillstorm.project_one.StockServiceTest.testDeleteStockNotFound()'><b>testDeleteStockNotFound</b><br>Test class: com.skillstorm.project_one.StockServiceTest</td>
<td><div><pre>java.util.NoSuchElementException: Stock could not be found
	at com.skillstorm.project_one.Services.StockService.deleteStock(StockService.java:122)
	at com.skillstorm.project_one.StockServiceTest.testDeleteStockNotFound(StockServiceTest.java:250)
	at java.base/jdk.internal.reflect.NativeMethodAccessorImpl.invoke0(Native Method)
	at java.base/jdk.internal.reflect.NativeMethodAccessorImpl.invoke(NativeMethodAccessorImpl.java:77)
	at java.base/jdk.internal.reflect.DelegatingMethodAccessorImpl.invoke(DelegatingMethodAccessorImpl.java:43)
	at java.base/java.lang.reflect.Method.invoke(Method.java:568)
	at org.testng.internal.invokers.MethodInvocationHelper.invokeMethod(MethodInvocationHelper.java:141)
	at org.testng.internal.invokers.TestInvoker.invokeMethod(TestInvoker.java:686)
	at org.testng.internal.invokers.TestInvoker.invokeTestMethod(TestInvoker.java:230)
	at org.testng.internal.invokers.MethodRunner.runInSequence(MethodRunner.java:63)
	at org.testng.internal.invokers.TestInvoker$MethodInvocationAgent.invoke(TestInvoker.java:992)
	at org.testng.internal.invokers.TestInvoker.invokeTestMethods(TestInvoker.java:203)
	at org.testng.internal.invokers.TestMethodWorker.invokeTestMethods(TestMethodWorker.java:154)
	at org.testng.internal.invokers.TestMethodWorker.run(TestMethodWorker.java:134)
	at java.base/java.util.ArrayList.forEach(ArrayList.java:1511)
	at org.testng.TestRunner.privateRun(TestRunner.java:739)
	at org.testng.TestRunner.run(TestRunner.java:614)
	at org.testng.SuiteRunner.runTest(SuiteRunner.java:421)
	at org.testng.SuiteRunner.runSequentially(SuiteRunner.java:413)
	at org.testng.SuiteRunner.privateRun(SuiteRunner.java:373)
	at org.testng.SuiteRunner.run(SuiteRunner.java:312)
	at org.testng.SuiteRunnerWorker.runSuite(SuiteRunnerWorker.java:52)
	at org.testng.SuiteRunnerWorker.run(SuiteRunnerWorker.java:95)
	at org.testng.TestNG.runSuitesSequentially(TestNG.java:1274)
	at org.testng.TestNG.runSuitesLocally(TestNG.java:1208)
	at org.testng.TestNG.runSuites(TestNG.java:1112)
	at org.testng.TestNG.run(TestNG.java:1079)
	at org.apache.maven.surefire.testng.TestNGExecutor.run(TestNGExecutor.java:308)
	at org.apache.maven.surefire.testng.TestNGXmlTestSuite.execute(TestNGXmlTestSuite.java:71)
	at org.apache.maven.surefire.testng.TestNGProvider.invoke(TestNGProvider.java:113)
	at org.apache.maven.surefire.booter.ForkedBooter.runSuitesInProcess(ForkedBooter.java:385)
	at org.apache.maven.surefire.booter.ForkedBooter.execute(ForkedBooter.java:162)
	at org.apache.maven.surefire.booter.ForkedBooter.run(ForkedBooter.java:507)
	at org.apache.maven.surefire.booter.ForkedBooter.main(ForkedBooter.java:495)
</pre></div><a href='#' onClick='toggleBox("stack-trace1785631369", this, "Click to show all stack frames", "Click to hide stack frames")'>Click to show all stack frames</a>
<div class='stack-trace' id='stack-trace1785631369'><pre>java.util.NoSuchElementException: Stock could not be found
	at com.skillstorm.project_one.Services.StockService.deleteStock(StockService.java:122)
	at com.skillstorm.project_one.StockServiceTest.testDeleteStockNotFound(StockServiceTest.java:250)
	at java.base/jdk.internal.reflect.NativeMethodAccessorImpl.invoke0(Native Method)
	at java.base/jdk.internal.reflect.NativeMethodAccessorImpl.invoke(NativeMethodAccessorImpl.java:77)
	at java.base/jdk.internal.reflect.DelegatingMethodAccessorImpl.invoke(DelegatingMethodAccessorImpl.java:43)
	at java.base/java.lang.reflect.Method.invoke(Method.java:568)
	at org.testng.internal.invokers.MethodInvocationHelper.invokeMethod(MethodInvocationHelper.java:141)
	at org.testng.internal.invokers.TestInvoker.invokeMethod(TestInvoker.java:686)
	at org.testng.internal.invokers.TestInvoker.invokeTestMethod(TestInvoker.java:230)
	at org.testng.internal.invokers.MethodRunner.runInSequence(MethodRunner.java:63)
	at org.testng.internal.invokers.TestInvoker$MethodInvocationAgent.invoke(TestInvoker.java:992)
	at org.testng.internal.invokers.TestInvoker.invokeTestMethods(TestInvoker.java:203)
	at org.testng.internal.invokers.TestMethodWorker.invokeTestMethods(TestMethodWorker.java:154)
	at org.testng.internal.invokers.TestMethodWorker.run(TestMethodWorker.java:134)
	at java.base/java.util.ArrayList.forEach(ArrayList.java:1511)
	at org.testng.TestRunner.privateRun(TestRunner.java:739)
	at org.testng.TestRunner.run(TestRunner.java:614)
	at org.testng.SuiteRunner.runTest(SuiteRunner.java:421)
	at org.testng.SuiteRunner.runSequentially(SuiteRunner.java:413)
	at org.testng.SuiteRunner.privateRun(SuiteRunner.java:373)
	at org.testng.SuiteRunner.run(SuiteRunner.java:312)
	at org.testng.SuiteRunnerWorker.runSuite(SuiteRunnerWorker.java:52)
	at org.testng.SuiteRunnerWorker.run(SuiteRunnerWorker.java:95)
	at org.testng.TestNG.runSuitesSequentially(TestNG.java:1274)
	at org.testng.TestNG.runSuitesLocally(TestNG.java:1208)
	at org.testng.TestNG.runSuites(TestNG.java:1112)
	at org.testng.TestNG.run(TestNG.java:1079)
	at org.apache.maven.surefire.testng.TestNGExecutor.run(TestNGExecutor.java:308)
	at org.apache.maven.surefire.testng.TestNGXmlTestSuite.execute(TestNGXmlTestSuite.java:71)
	at org.apache.maven.surefire.testng.TestNGProvider.invoke(TestNGProvider.java:113)
	at org.apache.maven.surefire.booter.ForkedBooter.runSuitesInProcess(ForkedBooter.java:385)
	at org.apache.maven.surefire.booter.ForkedBooter.execute(ForkedBooter.java:162)
	at org.apache.maven.surefire.booter.ForkedBooter.run(ForkedBooter.java:507)
	at org.apache.maven.surefire.booter.ForkedBooter.main(ForkedBooter.java:495)
</pre></div></td>
<td>0</td>
<td>com.skillstorm.project_one.StockServiceTest@2ca65ce4</td></tr>
<tr>
<td title='com.skillstorm.project_one.CandyServiceTests.testFindByFlavor()'><b>testFindByFlavor</b><br>Test class: com.skillstorm.project_one.CandyServiceTests</td>
<td></td>
<td>0</td>
<td>com.skillstorm.project_one.CandyServiceTests@2b5cb9b2</td></tr>
<tr>
<td title='com.skillstorm.project_one.CandyServiceTests.testFindAll()'><b>testFindAll</b><br>Test class: com.skillstorm.project_one.CandyServiceTests</td>
<td></td>
<td>0</td>
<td>com.skillstorm.project_one.CandyServiceTests@2b5cb9b2</td></tr>
<tr>
<td title='com.skillstorm.project_one.StockServiceTest.testGetStocksByWarehouse()'><b>testGetStocksByWarehouse</b><br>Test class: com.skillstorm.project_one.StockServiceTest</td>
<td></td>
<td>0</td>
<td>com.skillstorm.project_one.StockServiceTest@2ca65ce4</td></tr>
<tr>
<td title='com.skillstorm.project_one.StockTest.testGetAndSetId()'><b>testGetAndSetId</b><br>Test class: com.skillstorm.project_one.StockTest</td>
<td></td>
<td>0</td>
<td>com.skillstorm.project_one.StockTest@50305a</td></tr>
<tr>
<td title='com.skillstorm.project_one.OrderItemDTOUnitTests.testGettersAndSetters()'><b>testGettersAndSetters</b><br>Test class: com.skillstorm.project_one.OrderItemDTOUnitTests</td>
<td></td>
<td>0</td>
<td>com.skillstorm.project_one.OrderItemDTOUnitTests@5149f008</td></tr>
<tr>
<td title='com.skillstorm.project_one.OrdersControllerTest.testFindOrdersById()'><b>testFindOrdersById</b><br>Test class: com.skillstorm.project_one.OrdersControllerTest</td>
<td></td>
<td>0</td>
<td>com.skillstorm.project_one.OrdersControllerTest@48f5bde6</td></tr>
<tr>
<td title='com.skillstorm.project_one.StockServiceTest.testCreateStockCandyEmpty()'><b>testCreateStockCandyEmpty</b><br>Test class: com.skillstorm.project_one.StockServiceTest</td>
<td><div><pre>java.util.NoSuchElementException: Candy not found
	at com.skillstorm.project_one.Services.StockService.lambda$createStock$0(StockService.java:77)
	at java.base/java.util.Optional.orElseThrow(Optional.java:403)
	at com.skillstorm.project_one.Services.StockService.createStock(StockService.java:77)
	at com.skillstorm.project_one.StockServiceTest.testCreateStockCandyEmpty(StockServiceTest.java:176)
	at java.base/jdk.internal.reflect.NativeMethodAccessorImpl.invoke0(Native Method)
	at java.base/jdk.internal.reflect.NativeMethodAccessorImpl.invoke(NativeMethodAccessorImpl.java:77)
	at java.base/jdk.internal.reflect.DelegatingMethodAccessorImpl.invoke(DelegatingMethodAccessorImpl.java:43)
	at java.base/java.lang.reflect.Method.invoke(Method.java:568)
	at org.testng.internal.invokers.MethodInvocationHelper.invokeMethod(MethodInvocationHelper.java:141)
	at org.testng.internal.invokers.TestInvoker.invokeMethod(TestInvoker.java:686)
	at org.testng.internal.invokers.TestInvoker.invokeTestMethod(TestInvoker.java:230)
	at org.testng.internal.invokers.MethodRunner.runInSequence(MethodRunner.java:63)
	at org.testng.internal.invokers.TestInvoker$MethodInvocationAgent.invoke(TestInvoker.java:992)
	at org.testng.internal.invokers.TestInvoker.invokeTestMethods(TestInvoker.java:203)
	at org.testng.internal.invokers.TestMethodWorker.invokeTestMethods(TestMethodWorker.java:154)
	at org.testng.internal.invokers.TestMethodWorker.run(TestMethodWorker.java:134)
	at java.base/java.util.ArrayList.forEach(ArrayList.java:1511)
	at org.testng.TestRunner.privateRun(TestRunner.java:739)
	at org.testng.TestRunner.run(TestRunner.java:614)
	at org.testng.SuiteRunner.runTest(SuiteRunner.java:421)
	at org.testng.SuiteRunner.runSequentially(SuiteRunner.java:413)
	at org.testng.SuiteRunner.privateRun(SuiteRunner.java:373)
	at org.testng.SuiteRunner.run(SuiteRunner.java:312)
	at org.testng.SuiteRunnerWorker.runSuite(SuiteRunnerWorker.java:52)
	at org.testng.SuiteRunnerWorker.run(SuiteRunnerWorker.java:95)
	at org.testng.TestNG.runSuitesSequentially(TestNG.java:1274)
	at org.testng.TestNG.runSuitesLocally(TestNG.java:1208)
	at org.testng.TestNG.runSuites(TestNG.java:1112)
	at org.testng.TestNG.run(TestNG.java:1079)
	at org.apache.maven.surefire.testng.TestNGExecutor.run(TestNGExecutor.java:308)
	at org.apache.maven.surefire.testng.TestNGXmlTestSuite.execute(TestNGXmlTestSuite.java:71)
	at org.apache.maven.surefire.testng.TestNGProvider.invoke(TestNGProvider.java:113)
	at org.apache.maven.surefire.booter.ForkedBooter.runSuitesInProcess(ForkedBooter.java:385)
	at org.apache.maven.surefire.booter.ForkedBooter.execute(ForkedBooter.java:162)
	at org.apache.maven.surefire.booter.ForkedBooter.run(ForkedBooter.java:507)
	at org.apache.maven.surefire.booter.ForkedBooter.main(ForkedBooter.java:495)
</pre></div><a href='#' onClick='toggleBox("stack-trace382522044", this, "Click to show all stack frames", "Click to hide stack frames")'>Click to show all stack frames</a>
<div class='stack-trace' id='stack-trace382522044'><pre>java.util.NoSuchElementException: Candy not found
	at com.skillstorm.project_one.Services.StockService.lambda$createStock$0(StockService.java:77)
	at java.base/java.util.Optional.orElseThrow(Optional.java:403)
	at com.skillstorm.project_one.Services.StockService.createStock(StockService.java:77)
	at com.skillstorm.project_one.StockServiceTest.testCreateStockCandyEmpty(StockServiceTest.java:176)
	at java.base/jdk.internal.reflect.NativeMethodAccessorImpl.invoke0(Native Method)
	at java.base/jdk.internal.reflect.NativeMethodAccessorImpl.invoke(NativeMethodAccessorImpl.java:77)
	at java.base/jdk.internal.reflect.DelegatingMethodAccessorImpl.invoke(DelegatingMethodAccessorImpl.java:43)
	at java.base/java.lang.reflect.Method.invoke(Method.java:568)
	at org.testng.internal.invokers.MethodInvocationHelper.invokeMethod(MethodInvocationHelper.java:141)
	at org.testng.internal.invokers.TestInvoker.invokeMethod(TestInvoker.java:686)
	at org.testng.internal.invokers.TestInvoker.invokeTestMethod(TestInvoker.java:230)
	at org.testng.internal.invokers.MethodRunner.runInSequence(MethodRunner.java:63)
	at org.testng.internal.invokers.TestInvoker$MethodInvocationAgent.invoke(TestInvoker.java:992)
	at org.testng.internal.invokers.TestInvoker.invokeTestMethods(TestInvoker.java:203)
	at org.testng.internal.invokers.TestMethodWorker.invokeTestMethods(TestMethodWorker.java:154)
	at org.testng.internal.invokers.TestMethodWorker.run(TestMethodWorker.java:134)
	at java.base/java.util.ArrayList.forEach(ArrayList.java:1511)
	at org.testng.TestRunner.privateRun(TestRunner.java:739)
	at org.testng.TestRunner.run(TestRunner.java:614)
	at org.testng.SuiteRunner.runTest(SuiteRunner.java:421)
	at org.testng.SuiteRunner.runSequentially(SuiteRunner.java:413)
	at org.testng.SuiteRunner.privateRun(SuiteRunner.java:373)
	at org.testng.SuiteRunner.run(SuiteRunner.java:312)
	at org.testng.SuiteRunnerWorker.runSuite(SuiteRunnerWorker.java:52)
	at org.testng.SuiteRunnerWorker.run(SuiteRunnerWorker.java:95)
	at org.testng.TestNG.runSuitesSequentially(TestNG.java:1274)
	at org.testng.TestNG.runSuitesLocally(TestNG.java:1208)
	at org.testng.TestNG.runSuites(TestNG.java:1112)
	at org.testng.TestNG.run(TestNG.java:1079)
	at org.apache.maven.surefire.testng.TestNGExecutor.run(TestNGExecutor.java:308)
	at org.apache.maven.surefire.testng.TestNGXmlTestSuite.execute(TestNGXmlTestSuite.java:71)
	at org.apache.maven.surefire.testng.TestNGProvider.invoke(TestNGProvider.java:113)
	at org.apache.maven.surefire.booter.ForkedBooter.runSuitesInProcess(ForkedBooter.java:385)
	at org.apache.maven.surefire.booter.ForkedBooter.execute(ForkedBooter.java:162)
	at org.apache.maven.surefire.booter.ForkedBooter.run(ForkedBooter.java:507)
	at org.apache.maven.surefire.booter.ForkedBooter.main(ForkedBooter.java:495)
</pre></div></td>
<td>0</td>
<td>com.skillstorm.project_one.StockServiceTest@2ca65ce4</td></tr>
<tr>
<td title='com.skillstorm.project_one.OrdersControllerTest.testFindAllOrders()'><b>testFindAllOrders</b><br>Test class: com.skillstorm.project_one.OrdersControllerTest</td>
<td></td>
<td>0</td>
<td>com.skillstorm.project_one.OrdersControllerTest@48f5bde6</td></tr>
<tr>
<td title='com.skillstorm.project_one.StockControllerTest.testCreateStock()'><b>testCreateStock</b><br>Test class: com.skillstorm.project_one.StockControllerTest</td>
<td></td>
<td>0</td>
<td>com.skillstorm.project_one.StockControllerTest@5769e7ae</td></tr>
<tr>
<td title='com.skillstorm.project_one.OrderItemServiceTest.testDeleteOrderItem()'><b>testDeleteOrderItem</b><br>Test class: com.skillstorm.project_one.OrderItemServiceTest</td>
<td></td>
<td>0</td>
<td>com.skillstorm.project_one.OrderItemServiceTest@672f11c2</td></tr>
<tr>
<td title='com.skillstorm.project_one.OrdersServiceTest.testCreateOrders()'><b>testCreateOrders</b><br>Test class: com.skillstorm.project_one.OrdersServiceTest</td>
<td></td>
<td>0</td>
<td>com.skillstorm.project_one.OrdersServiceTest@327120c8</td></tr>
<tr>
<td title='com.skillstorm.project_one.OrderItemServiceTest.testUpdateOrderItem_Success()'><b>testUpdateOrderItem_Success</b><br>Test class: com.skillstorm.project_one.OrderItemServiceTest</td>
<td></td>
<td>0</td>
<td>com.skillstorm.project_one.OrderItemServiceTest@672f11c2</td></tr>
<tr>
<td title='com.skillstorm.project_one.WarehouseModelTest.testSetIdAndGetId()'><b>testSetIdAndGetId</b><br>Test class: com.skillstorm.project_one.WarehouseModelTest</td>
<td></td>
<td>0</td>
<td>com.skillstorm.project_one.WarehouseModelTest@525d79f0</td></tr>
<tr>
<td title='com.skillstorm.project_one.OrderItemServiceTest.testFindByOrderId()'><b>testFindByOrderId</b><br>Test class: com.skillstorm.project_one.OrderItemServiceTest</td>
<td></td>
<td>0</td>
<td>com.skillstorm.project_one.OrderItemServiceTest@672f11c2</td></tr>
<tr>
<td title='com.skillstorm.project_one.StockServiceTest.testDeleteStock()'><b>testDeleteStock</b><br>Test class: com.skillstorm.project_one.StockServiceTest</td>
<td></td>
<td>0</td>
<td>com.skillstorm.project_one.StockServiceTest@2ca65ce4</td></tr>
<tr>
<td title='com.skillstorm.project_one.StockControllerTest.testUpdateStock()'><b>testUpdateStock</b><br>Test class: com.skillstorm.project_one.StockControllerTest</td>
<td></td>
<td>0</td>
<td>com.skillstorm.project_one.StockControllerTest@5769e7ae</td></tr>
<tr>
<td title='com.skillstorm.project_one.StockServiceTest.testCreateStockCandyNotFound()'><b>testCreateStockCandyNotFound</b><br>Test class: com.skillstorm.project_one.StockServiceTest</td>
<td><div><pre>java.util.NoSuchElementException: Candy not found
	at com.skillstorm.project_one.StockServiceTest.testCreateStockCandyNotFound(StockServiceTest.java:161)
	at java.base/jdk.internal.reflect.NativeMethodAccessorImpl.invoke0(Native Method)
	at java.base/jdk.internal.reflect.NativeMethodAccessorImpl.invoke(NativeMethodAccessorImpl.java:77)
	at java.base/jdk.internal.reflect.DelegatingMethodAccessorImpl.invoke(DelegatingMethodAccessorImpl.java:43)
	at java.base/java.lang.reflect.Method.invoke(Method.java:568)
	at org.testng.internal.invokers.MethodInvocationHelper.invokeMethod(MethodInvocationHelper.java:141)
	at org.testng.internal.invokers.TestInvoker.invokeMethod(TestInvoker.java:686)
	at org.testng.internal.invokers.TestInvoker.invokeTestMethod(TestInvoker.java:230)
	at org.testng.internal.invokers.MethodRunner.runInSequence(MethodRunner.java:63)
	at org.testng.internal.invokers.TestInvoker$MethodInvocationAgent.invoke(TestInvoker.java:992)
	at org.testng.internal.invokers.TestInvoker.invokeTestMethods(TestInvoker.java:203)
	at org.testng.internal.invokers.TestMethodWorker.invokeTestMethods(TestMethodWorker.java:154)
	at org.testng.internal.invokers.TestMethodWorker.run(TestMethodWorker.java:134)
	at java.base/java.util.ArrayList.forEach(ArrayList.java:1511)
	at org.testng.TestRunner.privateRun(TestRunner.java:739)
	at org.testng.TestRunner.run(TestRunner.java:614)
	at org.testng.SuiteRunner.runTest(SuiteRunner.java:421)
	at org.testng.SuiteRunner.runSequentially(SuiteRunner.java:413)
	at org.testng.SuiteRunner.privateRun(SuiteRunner.java:373)
	at org.testng.SuiteRunner.run(SuiteRunner.java:312)
	at org.testng.SuiteRunnerWorker.runSuite(SuiteRunnerWorker.java:52)
	at org.testng.SuiteRunnerWorker.run(SuiteRunnerWorker.java:95)
	at org.testng.TestNG.runSuitesSequentially(TestNG.java:1274)
	at org.testng.TestNG.runSuitesLocally(TestNG.java:1208)
	at org.testng.TestNG.runSuites(TestNG.java:1112)
	at org.testng.TestNG.run(TestNG.java:1079)
	at org.apache.maven.surefire.testng.TestNGExecutor.run(TestNGExecutor.java:308)
	at org.apache.maven.surefire.testng.TestNGXmlTestSuite.execute(TestNGXmlTestSuite.java:71)
	at org.apache.maven.surefire.testng.TestNGProvider.invoke(TestNGProvider.java:113)
	at org.apache.maven.surefire.booter.ForkedBooter.runSuitesInProcess(ForkedBooter.java:385)
	at org.apache.maven.surefire.booter.ForkedBooter.execute(ForkedBooter.java:162)
	at org.apache.maven.surefire.booter.ForkedBooter.run(ForkedBooter.java:507)
	at org.apache.maven.surefire.booter.ForkedBooter.main(ForkedBooter.java:495)
</pre></div><a href='#' onClick='toggleBox("stack-trace1755687645", this, "Click to show all stack frames", "Click to hide stack frames")'>Click to show all stack frames</a>
<div class='stack-trace' id='stack-trace1755687645'><pre>java.util.NoSuchElementException: Candy not found
	at com.skillstorm.project_one.StockServiceTest.testCreateStockCandyNotFound(StockServiceTest.java:161)
	at java.base/jdk.internal.reflect.NativeMethodAccessorImpl.invoke0(Native Method)
	at java.base/jdk.internal.reflect.NativeMethodAccessorImpl.invoke(NativeMethodAccessorImpl.java:77)
	at java.base/jdk.internal.reflect.DelegatingMethodAccessorImpl.invoke(DelegatingMethodAccessorImpl.java:43)
	at java.base/java.lang.reflect.Method.invoke(Method.java:568)
	at org.testng.internal.invokers.MethodInvocationHelper.invokeMethod(MethodInvocationHelper.java:141)
	at org.testng.internal.invokers.TestInvoker.invokeMethod(TestInvoker.java:686)
	at org.testng.internal.invokers.TestInvoker.invokeTestMethod(TestInvoker.java:230)
	at org.testng.internal.invokers.MethodRunner.runInSequence(MethodRunner.java:63)
	at org.testng.internal.invokers.TestInvoker$MethodInvocationAgent.invoke(TestInvoker.java:992)
	at org.testng.internal.invokers.TestInvoker.invokeTestMethods(TestInvoker.java:203)
	at org.testng.internal.invokers.TestMethodWorker.invokeTestMethods(TestMethodWorker.java:154)
	at org.testng.internal.invokers.TestMethodWorker.run(TestMethodWorker.java:134)
	at java.base/java.util.ArrayList.forEach(ArrayList.java:1511)
	at org.testng.TestRunner.privateRun(TestRunner.java:739)
	at org.testng.TestRunner.run(TestRunner.java:614)
	at org.testng.SuiteRunner.runTest(SuiteRunner.java:421)
	at org.testng.SuiteRunner.runSequentially(SuiteRunner.java:413)
	at org.testng.SuiteRunner.privateRun(SuiteRunner.java:373)
	at org.testng.SuiteRunner.run(SuiteRunner.java:312)
	at org.testng.SuiteRunnerWorker.runSuite(SuiteRunnerWorker.java:52)
	at org.testng.SuiteRunnerWorker.run(SuiteRunnerWorker.java:95)
	at org.testng.TestNG.runSuitesSequentially(TestNG.java:1274)
	at org.testng.TestNG.runSuitesLocally(TestNG.java:1208)
	at org.testng.TestNG.runSuites(TestNG.java:1112)
	at org.testng.TestNG.run(TestNG.java:1079)
	at org.apache.maven.surefire.testng.TestNGExecutor.run(TestNGExecutor.java:308)
	at org.apache.maven.surefire.testng.TestNGXmlTestSuite.execute(TestNGXmlTestSuite.java:71)
	at org.apache.maven.surefire.testng.TestNGProvider.invoke(TestNGProvider.java:113)
	at org.apache.maven.surefire.booter.ForkedBooter.runSuitesInProcess(ForkedBooter.java:385)
	at org.apache.maven.surefire.booter.ForkedBooter.execute(ForkedBooter.java:162)
	at org.apache.maven.surefire.booter.ForkedBooter.run(ForkedBooter.java:507)
	at org.apache.maven.surefire.booter.ForkedBooter.main(ForkedBooter.java:495)
</pre></div></td>
<td>0</td>
<td>com.skillstorm.project_one.StockServiceTest@2ca65ce4</td></tr>
<tr>
<td title='com.skillstorm.project_one.StockDTOUnitTests.testConstructor()'><b>testConstructor</b><br>Test class: com.skillstorm.project_one.StockDTOUnitTests</td>
<td></td>
<td>0</td>
<td>com.skillstorm.project_one.StockDTOUnitTests@ecf9049</td></tr>
<tr>
<td title='com.skillstorm.project_one.StockTest.testGetAndSetWarehouse()'><b>testGetAndSetWarehouse</b><br>Test class: com.skillstorm.project_one.StockTest</td>
<td></td>
<td>0</td>
<td>com.skillstorm.project_one.StockTest@50305a</td></tr>
<tr>
<td title='com.skillstorm.project_one.OrderUnitTests.testGetters()'><b>testGetters</b><br>Test class: com.skillstorm.project_one.OrderUnitTests</td>
<td></td>
<td>0</td>
<td>com.skillstorm.project_one.OrderUnitTests@2970a5bc</td></tr>
<tr>
<td title='com.skillstorm.project_one.CandyServiceTests.testUpdateCandy()'><b>testUpdateCandy</b><br>Test class: com.skillstorm.project_one.CandyServiceTests</td>
<td></td>
<td>0</td>
<td>com.skillstorm.project_one.CandyServiceTests@2b5cb9b2</td></tr>
<tr>
<td title='com.skillstorm.project_one.WarehouseControllerTest.testGetAllWarehouses()'><b>testGetAllWarehouses</b><br>Test class: com.skillstorm.project_one.WarehouseControllerTest</td>
<td></td>
<td>0</td>
<td>com.skillstorm.project_one.WarehouseControllerTest@158d255c</td></tr>
</table><p>
</body>
</html>