<?xml version="1.0" encoding="UTF-8"?>
<!-- Generated by org.testng.reporters.JUnitXMLReporter -->
<testsuite ignored="0" hostname="DJs-MacBook-Pro" failures="9" tests="11" name="Cucumber Tests" time="141.998" errors="0" timestamp="2024-09-04T15:34:16 EDT">
  <testcase classname="io.cucumber.testng.AbstractTestNGCucumberTests" name="runScenario" time="14.277"/>
  <testcase classname="io.cucumber.testng.AbstractTestNGCucumberTests" name="runScenario" time="13.871"/>
  <testcase classname="io.cucumber.testng.AbstractTestNGCucumberTests" name="runScenario" time="12.714">
    <failure type="java.lang.AssertionError" message="expected [Successfully added candy!] but found [Name is required]">
      <![CDATA[java.lang.AssertionError: expected [Successfully added candy!] but found [Name is required]
at com.skillstorm.cucumber.CandyStepDefinitions.iClickTheAddCandyButton(CandyStepDefinitions.java:54)
at ✽.I click the ADD CANDY button(classpath:com/skillstorm/candy.feature:18)
... Removed 6 stack frames]]>
    </failure>
  </testcase> <!-- runScenario -->
  <testcase classname="io.cucumber.testng.AbstractTestNGCucumberTests" name="runScenario" time="11.698">
    <failure type="java.lang.AssertionError" message="expected [Successfully added candy!] but found []">
      <![CDATA[java.lang.AssertionError: expected [Successfully added candy!] but found []
at com.skillstorm.cucumber.CandyStepDefinitions.iClickTheAddCandyButton(CandyStepDefinitions.java:54)
at ✽.I click the ADD CANDY button(classpath:com/skillstorm/candy.feature:18)
... Removed 6 stack frames]]>
    </failure>
  </testcase> <!-- runScenario -->
  <testcase classname="io.cucumber.testng.AbstractTestNGCucumberTests" name="runScenario" time="12.674">
    <failure type="java.lang.AssertionError" message="expected [Successfully added candy!] but found []">
      <![CDATA[java.lang.AssertionError: expected [Successfully added candy!] but found []
at com.skillstorm.cucumber.CandyStepDefinitions.iClickTheAddCandyButton(CandyStepDefinitions.java:54)
at ✽.I click the ADD CANDY button(classpath:com/skillstorm/candy.feature:18)
... Removed 6 stack frames]]>
    </failure>
  </testcase> <!-- runScenario -->
  <testcase classname="io.cucumber.testng.AbstractTestNGCucumberTests" name="runScenario" time="12.813">
    <failure type="java.lang.AssertionError" message="expected [Successfully added candy!] but found []">
      <![CDATA[java.lang.AssertionError: expected [Successfully added candy!] but found []
at com.skillstorm.cucumber.CandyStepDefinitions.iClickTheAddCandyButton(CandyStepDefinitions.java:54)
at ✽.I click the ADD CANDY button(classpath:com/skillstorm/candy.feature:18)
... Removed 6 stack frames]]>
    </failure>
  </testcase> <!-- runScenario -->
  <testcase classname="io.cucumber.testng.AbstractTestNGCucumberTests" name="runScenario" time="12.716">
    <failure type="java.lang.AssertionError" message="expected [Successfully added candy!] but found [Weight must be a positive number, and Weight cannot contain letters]">
      <![CDATA[java.lang.AssertionError: expected [Successfully added candy!] but found [Weight must be a positive number, and Weight cannot contain letters]
at com.skillstorm.cucumber.CandyStepDefinitions.iClickTheAddCandyButton(CandyStepDefinitions.java:54)
at ✽.I click the ADD CANDY button(classpath:com/skillstorm/candy.feature:18)
... Removed 6 stack frames]]>
    </failure>
  </testcase> <!-- runScenario -->
  <testcase classname="io.cucumber.testng.AbstractTestNGCucumberTests" name="runScenario" time="12.809">
    <failure type="java.lang.AssertionError" message="expected [Successfully added candy!] but found []">
      <![CDATA[java.lang.AssertionError: expected [Successfully added candy!] but found []
at com.skillstorm.cucumber.CandyStepDefinitions.iClickTheAddCandyButton(CandyStepDefinitions.java:54)
at ✽.I click the ADD CANDY button(classpath:com/skillstorm/candy.feature:18)
... Removed 6 stack frames]]>
    </failure>
  </testcase> <!-- runScenario -->
  <testcase classname="io.cucumber.testng.AbstractTestNGCucumberTests" name="runScenario" time="12.756">
    <failure type="java.lang.AssertionError" message="expected [Successfully added candy!] but found []">
      <![CDATA[java.lang.AssertionError: expected [Successfully added candy!] but found []
at com.skillstorm.cucumber.CandyStepDefinitions.iClickTheAddCandyButton(CandyStepDefinitions.java:54)
at ✽.I click the ADD CANDY button(classpath:com/skillstorm/candy.feature:18)
... Removed 6 stack frames]]>
    </failure>
  </testcase> <!-- runScenario -->
  <testcase classname="io.cucumber.testng.AbstractTestNGCucumberTests" name="runScenario" time="12.654">
    <failure type="java.lang.AssertionError" message="expected [Successfully added candy!] but found [Price cannot contain letters]">
      <![CDATA[java.lang.AssertionError: expected [Successfully added candy!] but found [Price cannot contain letters]
at com.skillstorm.cucumber.CandyStepDefinitions.iClickTheAddCandyButton(CandyStepDefinitions.java:54)
at ✽.I click the ADD CANDY button(classpath:com/skillstorm/candy.feature:18)
... Removed 6 stack frames]]>
    </failure>
  </testcase> <!-- runScenario -->
  <testcase classname="io.cucumber.testng.AbstractTestNGCucumberTests" name="runScenario" time="12.613">
    <failure type="java.lang.AssertionError" message="expected [Successfully added candy!] but found []">
      <![CDATA[java.lang.AssertionError: expected [Successfully added candy!] but found []
at com.skillstorm.cucumber.CandyStepDefinitions.iClickTheAddCandyButton(CandyStepDefinitions.java:54)
at ✽.I click the ADD CANDY button(classpath:com/skillstorm/candy.feature:18)
... Removed 6 stack frames]]>
    </failure>
  </testcase> <!-- runScenario -->
</testsuite> <!-- Cucumber Tests -->
